<?xml version="1.0" encoding="UTF-8"?>
<!-- Generated by org.testng.reporters.JUnitReportReporter -->
<testsuite hostname="LAPTOP-HP3GFEN9" failures="0" tests="1" name="Testcases.LoginTest" time="19.856" errors="0" timestamp="2023-11-24T23:12:29 IST" skipped="0">
  <testcase classname="Testcases.LoginTest" name="IRCTC" time="19.856"/>
  <system-out/>
</testsuite> <!-- Testcases.LoginTest -->
