<?xml version="1.0" encoding="UTF-8"?>
<!-- Generated by org.testng.reporters.JUnitReportReporter -->
<testsuite hostname="LAPTOP-HP3GFEN9" failures="0" tests="1" name="Testcases.Login" time="15.671" errors="0" timestamp="2023-11-19T18:25:22 IST" skipped="0">
  <testcase classname="Testcases.Login" name="IRCTC" time="15.671"/>
  <system-out/>
</testsuite> <!-- Testcases.Login -->
